600 52 71880 40.0 338 142
0 25
1 3
2 36
3 34
4 38
5 14
6 30
7 4
8 14
9 33
10 46
11 4
12 48
13 21
14 9
15 42
16 28
17 9
18 37
19 40
20 22
21 30
22 10
23 3
24 10
25 26
26 5
27 8
28 45
29 14
30 12
31 39
32 22
33 25
34 37
35 47
36 47
37 17
38 24
39 7
40 8
41 2
42 23
43 2
44 30
45 8
46 23
47 35
48 37
49 23
50 3
51 13
52 20
53 34
54 35
55 43
56 20
57 33
58 36
59 28
60 42
61 11
62 29
63 29
64 1
65 5
66 33
67 6
68 30
69 2
70 44
71 15
72 50
73 13
74 21
75 20
76 39
77 13
78 16
79 4
80 8
81 6
82 41
83 9
84 4
85 1
86 26
87 19
88 20
89 3
90 29
91 40
92 21
93 32
94 25
95 32
96 21
97 24
98 12
99 18
100 15
101 46
102 6
103 13
104 17
105 19
106 3
107 27
108 34
109 44
110 2
111 23
112 34
113 41
114 35
115 6
116 40
117 16
118 45
119 34
120 18
121 32
122 30
123 15
124 47
125 20
126 24
127 1
128 17
129 17
130 15
131 30
132 40
133 19
134 27
135 27
136 23
137 10
138 8
139 21
140 20
141 16
142 36
143 31
144 24
145 45
146 4
147 2
148 27
149 40
150 35
151 51
152 14
153 12
154 7
155 17
156 27
157 6
158 5
159 13
160 33
161 5
162 29
163 42
164 2
165 1
166 12
167 4
168 29
169 31
170 45
171 12
172 29
173 9
174 42
175 39
176 3
177 32
178 26
179 8
180 49
181 19
182 5
183 25
184 25
185 13
186 26
187 33
188 4
189 38
190 34
191 7
192 28
193 20
194 38
195 38
196 33
197 26
198 24
199 44
200 12
201 15
202 18
203 44
204 43
205 10
206 9
207 4
208 24
209 2
210 14
211 43
212 14
213 48
214 23
215 8
216 11
217 15
218 40
219 7
220 29
221 32
222 17
223 11
224 32
225 16
226 11
227 28
228 28
229 13
230 27
231 50
232 37
233 16
234 26
235 24
236 39
237 2
238 5
239 34
240 31
241 21
242 12
243 22
244 25
245 11
246 17
247 14
248 31
249 12
250 41
251 25
252 7
253 18
254 16
255 10
256 9
257 34
258 41
259 27
260 49
261 36
262 38
263 28
264 21
265 37
266 10
267 5
268 36
269 25
270 31
271 7
272 9
273 1
274 35
275 28
276 43
277 44
278 26
279 25
280 37
281 36
282 8
283 19
284 41
285 24
286 36
287 23
288 47
289 43
290 14
291 19
292 18
293 1
294 40
295 22
296 10
297 8
298 11
299 39
300 3
301 22
302 47
303 6
304 7
305 11
306 1
307 39
308 19
309 6
310 42
311 22
312 30
313 13
314 38
315 13
316 18
317 28
318 32
319 48
320 9
321 15
322 18
323 6
324 35
325 46
326 11
327 29
328 20
329 1
330 16
331 48
332 8
333 41
334 49
335 30
336 45
337 52
338 51
339 38
340 5
341 51
342 50
343 31
344 26
345 52
346 50
347 52
348 50
349 10
350 38
351 38
352 50
353 41
354 33
355 34
356 51
357 32
358 49
359 49
360 45
361 50
362 52
363 51
364 21
365 49
366 33
367 49
368 18
369 51
370 43
371 50
372 46
373 51
374 23
375 43
376 50
377 26
378 26
379 44
380 31
381 44
382 51
383 16
384 2
385 50
386 49
387 37
388 51
389 45
390 49
391 51
392 46
393 52
394 47
395 44
396 25
397 51
398 37
399 41
400 50
401 46
402 50
403 42
404 50
405 49
406 14
407 49
408 41
409 19
410 49
411 50
412 45
413 46
414 45
415 46
416 48
417 42
418 12
419 46
420 35
421 49
422 32
423 51
424 52
425 35
426 52
427 46
428 43
429 42
430 46
431 51
432 47
433 39
434 37
435 47
436 49
437 35
438 18
439 47
440 52
441 43
442 51
443 48
444 49
445 50
446 50
447 46
448 44
449 18
450 50
451 50
452 45
453 49
454 45
455 51
456 42
457 5
458 51
459 49
460 46
461 45
462 51
463 52
464 51
465 46
466 31
467 49
468 44
469 49
470 51
471 51
472 48
473 39
474 7
475 49
476 50
477 11
478 31
479 41
480 49
481 50
482 50
483 50
484 45
485 51
486 52
487 2
488 31
489 37
490 2
491 34
492 52
493 51
494 52
495 51
496 49
497 31
498 45
499 42
500 45
501 48
502 49
503 50
504 42
505 49
506 31
507 22
508 49
509 43
510 46
511 45
512 49
513 43
514 42
515 50
516 48
517 45
518 52
519 44
520 39
521 45
522 49
523 31
524 42
525 14
526 46
527 45
528 52
529 18
530 51
531 50
532 48
533 51
534 50
535 40
536 50
537 42
538 31
539 50
540 43
541 48
542 51
543 44
544 50
545 49
546 51
547 39
548 51
549 42
550 50
551 50
552 45
553 50
554 2
555 49
556 31
557 49
558 51
559 51
560 43
561 28
562 49
563 45
564 41
565 49
566 50
567 52
568 35
569 51
570 45
571 31
572 35
573 49
574 45
575 51
576 52
577 51
578 31
579 15
580 21
581 50
582 42
583 47
584 49
585 52
586 49
587 46
588 23
589 5
590 36
591 48
592 50
593 24
594 50
595 45
596 50
597 51
598 50
599 26
