600 199 161730 90.0 577 511
0 22
1 24
2 16
3 60
4 4
5 33
6 41
7 44
8 39
9 52
10 45
11 52
12 48
13 31
14 31
15 29
16 45
17 82
18 17
19 42
20 30
21 38
22 13
23 46
24 35
25 51
26 22
27 7
28 28
29 15
30 51
31 47
32 26
33 48
34 26
35 15
36 12
37 61
38 11
39 6
40 1
41 32
42 13
43 28
44 63
45 23
46 55
47 20
48 5
49 18
50 14
51 8
52 50
53 49
54 10
55 6
56 58
57 12
58 19
59 40
60 19
61 37
62 54
63 3
64 9
65 46
66 11
67 56
68 8
69 9
70 27
71 34
72 2
73 43
74 56
75 17
76 21
77 46
78 42
79 23
80 29
81 54
82 39
83 14
84 4
85 27
86 67
87 35
88 18
89 27
90 25
91 5
92 40
93 50
94 36
95 39
96 24
97 7
98 22
99 21
100 5
101 10
102 9
103 34
104 20
105 38
106 44
107 59
108 8
109 4
110 16
111 29
112 2
113 25
114 43
115 1
116 2
117 37
118 32
119 36
120 18
121 30
122 28
123 33
124 55
125 53
126 57
127 64
128 174
129 171
130 146
131 114
132 50
133 141
134 106
135 97
136 165
137 115
138 64
139 136
140 180
141 111
142 77
143 142
144 191
145 134
146 153
147 48
148 95
149 99
150 47
151 92
152 104
153 100
154 96
155 76
156 86
157 117
158 68
159 98
160 129
161 111
162 170
163 147
164 59
165 78
166 134
167 185
168 95
169 79
170 176
171 164
172 177
173 26
174 156
175 97
176 60
177 115
178 119
179 133
180 102
181 122
182 178
183 128
184 139
185 90
186 61
187 169
188 99
189 97
190 172
191 72
192 144
193 148
194 177
195 104
196 99
197 103
198 155
199 168
200 126
201 71
202 120
203 136
204 184
205 122
206 160
207 109
208 167
209 62
210 138
211 164
212 85
213 73
214 72
215 112
216 78
217 131
218 12
219 136
220 124
221 87
222 119
223 180
224 81
225 73
226 160
227 132
228 89
229 195
230 113
231 185
232 40
233 154
234 161
235 47
236 133
237 114
238 183
239 130
240 137
241 135
242 191
243 57
244 49
245 159
246 145
247 102
248 14
249 103
250 105
251 90
252 125
253 136
254 154
255 56
256 152
257 120
258 150
259 190
260 189
261 139
262 110
263 35
264 169
265 159
266 162
267 190
268 199
269 151
270 86
271 76
272 181
273 174
274 33
275 55
276 105
277 78
278 77
279 130
280 157
281 166
282 117
283 75
284 97
285 75
286 149
287 130
288 122
289 184
290 68
291 69
292 100
293 139
294 152
295 196
296 76
297 179
298 88
299 53
300 120
301 98
302 121
303 70
304 184
305 171
306 189
307 79
308 187
309 126
310 67
311 151
312 132
313 91
314 100
315 138
316 140
317 36
318 118
319 182
320 193
321 146
322 101
323 175
324 169
325 175
326 112
327 148
328 153
329 176
330 121
331 62
332 124
333 112
334 82
335 72
336 127
337 108
338 175
339 152
340 9
341 186
342 116
343 171
344 181
345 88
346 177
347 20
348 41
349 89
350 150
351 109
352 96
353 167
354 160
355 1
356 31
357 85
358 151
359 179
360 132
361 127
362 66
363 127
364 198
365 72
366 118
367 168
368 157
369 63
370 135
371 119
372 101
373 187
374 188
375 84
376 75
377 115
378 144
379 83
380 66
381 70
382 142
383 62
384 94
385 168
386 107
387 137
388 161
389 174
390 80
391 76
392 108
393 141
394 181
395 56
396 57
397 107
398 125
399 24
400 166
401 64
402 45
403 192
404 80
405 77
406 112
407 125
408 159
409 105
410 167
411 87
412 176
413 42
414 198
415 162
416 146
417 124
418 95
419 23
420 90
421 93
422 67
423 108
424 73
425 49
426 111
427 195
428 142
429 101
430 93
431 81
432 3
433 106
434 113
435 185
436 71
437 94
438 59
439 143
440 143
441 75
442 194
443 190
444 84
445 17
446 114
447 180
448 60
449 155
450 121
451 125
452 163
453 126
454 73
455 150
456 111
457 91
458 71
459 110
460 197
461 65
462 165
463 65
464 70
465 128
466 131
467 172
468 145
469 19
470 91
471 170
472 128
473 137
474 183
475 74
476 133
477 135
478 73
479 69
480 77
481 194
482 3
483 143
484 113
485 98
486 83
487 173
488 142
489 110
490 84
491 196
492 80
493 123
494 134
495 172
496 162
497 25
498 10
499 95
500 149
501 86
502 144
503 34
504 104
505 74
506 47
507 38
508 15
509 116
510 158
511 77
512 156
513 193
514 129
515 93
516 58
517 155
518 158
519 65
520 92
521 129
522 58
523 145
524 141
525 113
526 92
527 51
528 178
529 109
530 127
531 117
532 69
533 164
534 93
535 186
536 94
537 154
538 188
539 74
540 41
541 58
542 102
543 170
544 96
545 118
546 52
547 131
548 107
549 161
550 26
551 83
552 53
553 138
554 106
555 74
556 182
557 157
558 79
559 82
560 88
561 66
562 59
563 30
564 70
565 80
566 128
567 151
568 158
569 165
570 129
571 118
572 197
573 87
574 140
575 140
576 173
577 196
578 153
579 147
580 81
581 68
582 123
583 116
584 43
585 186
586 103
587 61
588 123
589 163
590 148
591 192
592 13
593 89
594 41
595 63
596 85
597 114
598 163
599 37
