600 96 107820 60.0 480 296
0 28
1 30
2 28
3 26
4 15
5 31
6 28
7 20
8 25
9 20
10 40
11 26
12 31
13 12
14 4
15 28
16 19
17 8
18 1
19 32
20 12
21 33
22 24
23 4
24 17
25 21
26 5
27 36
28 9
29 16
30 22
31 2
32 15
33 7
34 41
35 23
36 35
37 30
38 32
39 4
40 34
41 3
42 34
43 7
44 38
45 11
46 3
47 2
48 14
49 35
50 6
51 21
52 31
53 7
54 32
55 20
56 14
57 10
58 14
59 29
60 27
61 8
62 22
63 18
64 1
65 20
66 32
67 22
68 19
69 38
70 13
71 27
72 15
73 1
74 11
75 35
76 39
77 5
78 9
79 26
80 37
81 3
82 34
83 16
84 24
85 37
86 10
87 10
88 36
89 25
90 21
91 10
92 13
93 13
94 25
95 17
96 4
97 11
98 2
99 18
100 6
101 8
102 2
103 11
104 6
105 27
106 9
107 1
108 23
109 33
110 35
111 6
112 4
113 18
114 17
115 29
116 13
117 16
118 22
119 15
120 30
121 5
122 19
123 23
124 12
125 18
126 39
127 17
128 24
129 8
130 24
131 7
132 19
133 5
134 44
135 55
136 49
137 65
138 50
139 89
140 57
141 42
142 81
143 44
144 21
145 38
146 61
147 79
148 91
149 72
150 78
151 27
152 57
153 26
154 62
155 67
156 75
157 44
158 83
159 29
160 42
161 47
162 56
163 70
164 52
165 63
166 80
167 77
168 19
169 54
170 43
171 39
172 38
173 58
174 62
175 71
176 75
177 52
178 60
179 92
180 65
181 14
182 16
183 85
184 59
185 41
186 44
187 56
188 57
189 72
190 40
191 70
192 33
193 14
194 49
195 40
196 88
197 69
198 65
199 48
200 42
201 66
202 50
203 48
204 41
205 88
206 95
207 63
208 53
209 86
210 16
211 43
212 90
213 45
214 86
215 43
216 58
217 67
218 46
219 69
220 91
221 87
222 48
223 47
224 71
225 84
226 54
227 19
228 25
229 76
230 63
231 50
232 45
233 39
234 77
235 14
236 85
237 47
238 78
239 49
240 59
241 87
242 93
243 66
244 59
245 77
246 37
247 55
248 70
249 45
250 60
251 78
252 88
253 59
254 42
255 76
256 54
257 47
258 28
259 22
260 51
261 71
262 33
263 90
264 36
265 41
266 64
267 89
268 24
269 72
270 52
271 57
272 85
273 79
274 80
275 67
276 89
277 55
278 6
279 86
280 88
281 70
282 68
283 60
284 77
285 89
286 34
287 64
288 90
289 80
290 84
291 62
292 46
293 86
294 71
295 82
296 65
297 51
298 53
299 65
300 40
301 54
302 20
303 43
304 87
305 49
306 66
307 75
308 74
309 71
310 84
311 33
312 27
313 81
314 29
315 61
316 41
317 58
318 54
319 50
320 37
321 95
322 61
323 80
324 47
325 39
326 70
327 40
328 78
329 86
330 53
331 3
332 62
333 53
334 84
335 60
336 31
337 81
338 91
339 81
340 56
341 45
342 43
343 49
344 53
345 70
346 92
347 64
348 94
349 72
350 61
351 26
352 53
353 48
354 23
355 54
356 87
357 73
358 68
359 66
360 87
361 79
362 94
363 50
364 48
365 57
366 27
367 15
368 46
369 59
370 44
371 45
372 56
373 73
374 41
375 60
376 44
377 67
378 41
379 17
380 69
381 52
382 48
383 53
384 70
385 51
386 76
387 58
388 94
389 58
390 65
391 8
392 68
393 69
394 43
395 54
396 90
397 79
398 51
399 92
400 56
401 70
402 52
403 9
404 51
405 52
406 16
407 52
408 80
409 3
410 68
411 73
412 83
413 67
414 49
415 55
416 42
417 66
418 58
419 52
420 3
421 60
422 42
423 83
424 48
425 78
426 29
427 34
428 82
429 64
430 81
431 74
432 38
433 66
434 61
435 71
436 87
437 69
438 79
439 83
440 80
441 80
442 50
443 91
444 62
445 56
446 69
447 92
448 88
449 59
450 62
451 45
452 2
453 38
454 72
455 63
456 16
457 62
458 74
459 18
460 60
461 74
462 13
463 82
464 17
465 80
466 56
467 67
468 59
469 62
470 76
471 64
472 71
473 94
474 93
475 59
476 48
477 32
478 82
479 9
480 78
481 47
482 73
483 84
484 40
485 75
486 72
487 82
488 33
489 83
490 51
491 23
492 70
493 33
494 50
495 7
496 77
497 3
498 73
499 23
500 78
501 58
502 36
503 47
504 75
505 26
506 56
507 61
508 74
509 30
510 94
511 67
512 73
513 39
514 96
515 54
516 37
517 74
518 57
519 84
520 46
521 57
522 25
523 3
524 12
525 64
526 43
527 62
528 48
529 75
530 42
531 73
532 63
533 85
534 72
535 33
536 56
537 49
538 88
539 63
540 29
541 12
542 68
543 36
544 31
545 68
546 10
547 22
548 17
549 76
550 46
551 91
552 85
553 85
554 55
555 90
556 44
557 83
558 79
559 61
560 77
561 89
562 61
563 50
564 88
565 37
566 32
567 64
568 74
569 36
570 49
571 74
572 47
573 40
574 56
575 77
576 51
577 82
578 82
579 57
580 45
581 69
582 81
583 43
584 74
585 50
586 68
587 46
588 38
589 58
590 66
591 49
592 55
593 83
594 79
595 55
596 37
597 51
598 63
599 90
